Arguments: 
  /usr/local/bin/node /usr/local/Cellar/yarn/1.22.4/libexec/bin/yarn.js add react-helmett

PATH: 
  /usr/local/bin:/usr/bin:/bin:/usr/sbin:/sbin:/usr/local/go/bin:/usr/local/munki:/Library/Apple/usr/bin

Yarn version: 
  1.22.4

Node version: 
  15.0.0

Platform: 
  darwin x64

Trace: 
  Error: https://registry.yarnpkg.com/react-helmett: Not found
      at Request.params.callback [as _callback] (/usr/local/Cellar/yarn/1.22.4/libexec/lib/cli.js:66987:18)
      at Request.self.callback (/usr/local/Cellar/yarn/1.22.4/libexec/lib/cli.js:140748:22)
      at Request.emit (node:events:327:20)
      at Request.<anonymous> (/usr/local/Cellar/yarn/1.22.4/libexec/lib/cli.js:141720:10)
      at Request.emit (node:events:327:20)
      at IncomingMessage.<anonymous> (/usr/local/Cellar/yarn/1.22.4/libexec/lib/cli.js:141642:12)
      at Object.onceWrapper (node:events:433:28)
      at IncomingMessage.emit (node:events:339:22)
      at endReadableNT (node:internal/streams/readable:1289:12)
      at processTicksAndRejections (node:internal/process/task_queues:80:21)

npm manifest: 
  {
    "name": "gatsby-learner-kit",
    "version": "1.0.0",
    "private": true,
    "description": "gatsby-learner-kit",
    "author": "Karthick Shanmugam",
    "keywords": [
      "gatsby"
    ],
    "scripts": {
      "develop": "gatsby develop",
      "start": "gatsby develop",
      "build": "gatsby build",
      "serve": "gatsby serve",
      "clean": "gatsby clean"
    },
    "dependencies": {
      "gatsby": "^3.6.2",
      "gatsby-plugin-gatsby-cloud": "^2.6.1",
      "gatsby-plugin-image": "^1.6.0",
      "gatsby-plugin-react-helmet": "^4.6.0",
      "gatsby-plugin-sass": "^4.6.0",
      "gatsby-plugin-sharp": "^3.6.0",
      "gatsby-source-filesystem": "^3.6.0",
      "gatsby-transformer-sharp": "^3.6.0",
      "react": "^17.0.1",
      "react-dom": "^17.0.1",
      "react-helmet": "^6.1.0",
      "sass": "^1.34.1"
    }
  }

yarn manifest: 
  No manifest

Lockfile: 
  No lockfile
